0    INFO  [2017-07-04 10:25:01]  登录.....
0    INFO  [2017-07-05 10:19:11]  登录.....
0    INFO  [2017-07-07 14:40:11]  登录.....
0    INFO  [2017-07-10 09:29:54]  登录.....
4742 INFO  [2017-07-10 09:29:58]  登录.....
8953264 INFO  [2017-07-10 11:59:07]  登录.....
0    INFO  [2017-07-10 14:13:55]  登录.....
4231180 INFO  [2017-07-10 15:24:27]  登录.....
4316788 INFO  [2017-07-10 15:25:52]  登录.....
0    INFO  [2017-07-10 16:42:07]  登录.....
109065 INFO  [2017-07-10 16:43:56]  登录.....
9325326 INFO  [2017-07-10 19:17:33]  登录.....
9621236 INFO  [2017-07-10 19:22:29]  登录.....
9691425 INFO  [2017-07-10 19:23:39]  登录.....
0    INFO  [2017-07-10 20:10:34]  登录.....
171495 INFO  [2017-07-10 20:13:25]  登录.....
211603 INFO  [2017-07-10 20:14:05]  登录.....
0    INFO  [2017-07-11 09:32:51]  登录.....
461742 INFO  [2017-07-11 09:40:33]  登录.....
472529 INFO  [2017-07-11 09:40:44]  登录.....
1207342 INFO  [2017-07-11 09:52:59]  登录.....
1263750 INFO  [2017-07-11 09:53:55]  登录.....
0    INFO  [2017-07-11 14:47:42]  登录.....
4409267 INFO  [2017-07-11 16:01:11]  登录.....
0    INFO  [2017-07-11 17:16:28]  登录.....
0    INFO  [2017-07-12 11:02:43]  登录.....
1    INFO  [2017-07-12 13:42:32]  登录.....
0    INFO  [2017-07-12 15:00:38]  登录.....
91907 INFO  [2017-07-12 15:02:10]  登录.....
0    INFO  [2017-07-12 15:03:07]  登录.....
1322 INFO  [2017-07-12 15:03:08]  登录.....
1    INFO  [2017-07-12 15:08:00]  登录.....
0    INFO  [2017-07-12 15:12:45]  登录.....
0    INFO  [2017-07-12 16:30:50]  登录.....
0    INFO  [2017-07-12 17:37:42]  登录.....
3373392 INFO  [2017-07-12 18:33:56]  登录.....
0    INFO  [2017-07-13 09:21:41]  登录.....
2199558 INFO  [2017-07-13 09:58:21]  注册.....
0    INFO  [2017-07-13 10:06:31]  注册.....
1396542 INFO  [2017-07-13 10:29:48]  注册.....
1533845 INFO  [2017-07-13 10:32:05]  注册.....
1545284 INFO  [2017-07-13 10:32:16]  登录.....
0    INFO  [2017-07-13 11:16:29]  登录.....
494862 INFO  [2017-07-13 11:24:43]  登录.....
506389 INFO  [2017-07-13 11:24:55]  注册.....
519100 INFO  [2017-07-13 11:25:08]  注册.....
525316 INFO  [2017-07-13 11:25:14]  注册.....
530942 INFO  [2017-07-13 11:25:20]  注册.....
543891 INFO  [2017-07-13 11:25:32]  登录.....
566312 INFO  [2017-07-13 11:25:55]  登录.....
845921 INFO  [2017-07-13 11:30:35]  登录.....
1176980 INFO  [2017-07-13 11:36:06]  注册.....
0    INFO  [2017-07-13 13:38:07]  登录.....
73788 INFO  [2017-07-13 13:39:21]  登录.....
0    INFO  [2017-07-13 16:33:29]  登录.....
1910526 INFO  [2017-07-13 17:05:20]  登录.....
0    INFO  [2017-07-13 18:26:41]  登录.....
0    INFO  [2017-07-14 09:34:02]  登录.....
0    INFO  [2017-07-14 11:08:13]  登录.....
0    INFO  [2017-07-17 09:42:33]  登录.....
0    INFO  [2017-07-24 10:55:39]  登录.....
0    INFO  [2017-07-26 10:52:27]  登录.....
0    INFO  [2017-07-27 09:32:19]  登录.....
0    INFO  [2017-07-27 10:27:40]  登录.....
0    INFO  [2017-07-27 14:07:47]  登录.....
1    INFO  [2017-07-28 16:20:53]  登录.....
0    INFO  [2017-07-29 11:02:46]  登录.....
0    INFO  [2017-07-29 15:46:25]  登录.....
669501 INFO  [2017-07-29 15:57:34]  登录.....
741061 INFO  [2017-07-29 15:58:46]  登录.....
904397 INFO  [2017-07-29 16:01:29]  登录.....
910293 INFO  [2017-07-29 16:01:35]  登录.....
1099698 INFO  [2017-07-29 16:04:44]  登录.....
1189708 INFO  [2017-07-29 16:06:14]  登录.....
1222466 INFO  [2017-07-29 16:06:47]  登录.....
1231801 INFO  [2017-07-29 16:06:56]  登录.....
1341465 INFO  [2017-07-29 16:08:46]  登录.....
1429529 INFO  [2017-07-29 16:10:14]  登录.....
2445334 INFO  [2017-07-29 16:27:10]  登录.....
4589140 INFO  [2017-07-29 17:02:54]  登录.....
0    INFO  [2017-07-29 19:09:31]  登录.....
2582914 INFO  [2017-07-29 19:52:33]  登录.....
2635350 INFO  [2017-07-29 19:53:26]  登录.....
2719159 INFO  [2017-07-29 19:54:50]  登录.....
0    INFO  [2017-07-29 20:51:14]  登录.....
90792 INFO  [2017-07-29 20:52:45]  登录.....
255096 INFO  [2017-07-29 20:55:29]  登录.....
1    INFO  [2017-07-30 11:55:33]  登录.....
771230 INFO  [2017-07-30 12:08:24]  登录.....
10256172 INFO  [2017-07-30 14:46:29]  登录.....
0    INFO  [2017-07-31 09:13:55]  登录.....
18122 INFO  [2017-07-31 09:14:13]  登录.....
1588934 INFO  [2017-07-31 09:40:24]  登录.....
0    INFO  [2017-07-31 13:59:26]  登录.....
1    INFO  [2017-08-01 10:42:43]  登录.....
0    INFO  [2017-08-02 15:19:35]  登录.....
7225606 INFO  [2017-08-02 17:20:01]  登录.....
0    INFO  [2017-08-03 09:49:40]  登录.....
22364047 INFO  [2017-08-03 16:02:24]  登录.....
0    INFO  [2017-08-04 09:28:58]  登录.....
28598477 INFO  [2017-08-04 17:25:37]  登录.....
0    INFO  [2017-08-06 10:47:42]  登录.....
83533 INFO  [2017-08-06 10:49:06]  登录.....
88040 INFO  [2017-08-06 10:49:10]  登录.....
92940 INFO  [2017-08-06 10:49:15]  登录.....
143099 INFO  [2017-08-06 10:50:05]  登录.....
0    INFO  [2017-08-07 09:08:21]  登录.....
0    INFO  [2017-08-07 13:57:10]  登录.....
646518 INFO  [2017-08-07 14:07:57]  登录.....
1    INFO  [2017-08-07 16:34:07]  登录.....
0    INFO  [2017-08-07 20:41:31]  登录.....
2245824 INFO  [2017-08-07 21:18:57]  登录.....
0    INFO  [2017-08-08 09:34:30]  登录.....
5881161 INFO  [2017-08-08 11:12:31]  登录.....
0    INFO  [2017-08-09 10:57:42]  登录.....
0    INFO  [2017-08-09 14:34:55]  登录.....
7252 INFO  [2017-08-09 14:35:02]  登录.....
21115 INFO  [2017-08-09 14:35:16]  登录.....
24217 INFO  [2017-08-09 14:35:19]  登录.....
24311 INFO  [2017-08-09 14:35:19]  登录.....
24752 INFO  [2017-08-09 14:35:20]  登录.....
61653 INFO  [2017-08-09 14:35:56]  登录.....
61711 INFO  [2017-08-09 14:35:56]  登录.....
0    INFO  [2017-08-09 15:16:04]  登录.....
0    INFO  [2017-08-10 09:15:03]  登录.....
23   INFO  [2017-08-10 09:15:03]  登录.....
38465 INFO  [2017-08-10 09:15:42]  登录.....
0    INFO  [2017-08-10 11:42:44]  登录.....
12402 INFO  [2017-08-10 11:42:57]  登录.....
0    INFO  [2017-08-10 13:42:40]  登录.....
0    INFO  [2017-08-10 14:41:02]  登录.....
0    INFO  [2017-08-10 21:09:31]  登录.....
0    INFO  [2017-08-11 09:17:32]  登录.....
3287309 INFO  [2017-08-11 10:12:20]  登录.....
0    INFO  [2017-08-11 15:27:49]  登录.....
2148284 INFO  [2017-08-11 16:03:38]  登录.....
1    INFO  [2017-08-11 16:40:54]  登录.....
0    INFO  [2017-08-12 17:44:42]  登录.....
1    INFO  [2017-08-13 14:55:27]  登录.....
0    INFO  [2017-08-13 16:53:39]  登录.....
0    INFO  [2017-08-14 09:20:53]  登录.....
0    INFO  [2017-08-14 11:35:59]  登录.....
0    INFO  [2017-08-14 12:01:00]  登录.....
5830260 INFO  [2017-08-14 13:38:10]  登录.....
0    INFO  [2017-08-15 09:40:01]  登录.....
0    INFO  [2017-08-15 13:48:21]  登录.....
7201740 INFO  [2017-08-15 15:48:23]  登录.....
0    INFO  [2017-08-15 17:40:18]  登录.....
17099 INFO  [2017-08-15 17:40:36]  登录.....
0    INFO  [2017-08-16 09:44:26]  登录.....
0    INFO  [2017-08-16 14:04:36]  登录.....
0    INFO  [2017-08-17 12:05:00]  登录.....
7977 INFO  [2017-08-17 12:05:08]  登录.....
5583442 INFO  [2017-08-17 13:38:04]  登录.....
6061033 INFO  [2017-08-17 13:46:01]  登录.....
9273178 INFO  [2017-08-17 14:39:33]  登录.....
0    INFO  [2017-08-18 09:47:38]  登录.....
0    INFO  [2017-08-21 09:18:07]  登录.....
0    INFO  [2017-08-22 09:25:05]  登录.....
0    INFO  [2017-08-22 12:05:24]  登录.....
5564408 INFO  [2017-08-22 13:38:08]  登录.....
1    INFO  [2017-08-22 15:03:46]  登录.....
0    INFO  [2017-08-22 15:36:41]  登录.....
11519 INFO  [2017-08-22 15:36:52]  登录.....
5689739 INFO  [2017-08-22 17:11:30]  登录.....
1    INFO  [2017-08-23 09:18:24]  登录.....
3379138 INFO  [2017-08-23 10:14:43]  登录.....
8015413 INFO  [2017-08-23 11:32:00]  登录.....
8296644 INFO  [2017-08-23 11:36:41]  登录.....
8496059 INFO  [2017-08-23 11:40:00]  登录.....
18196976 INFO  [2017-08-23 14:21:41]  登录.....
1    INFO  [2017-08-23 21:10:51]  登录.....
1    INFO  [2017-08-24 09:20:17]  登录.....
0    INFO  [2017-08-24 14:10:11]  登录.....
0    INFO  [2017-08-25 09:16:59]  登录.....
1    INFO  [2017-08-25 13:55:06]  登录.....
565766 INFO  [2017-08-25 14:04:32]  登录.....
5356687 INFO  [2017-08-25 15:24:23]  登录.....
0    INFO  [2017-08-25 16:30:10]  登录.....
0    INFO  [2017-08-26 10:14:22]  登录.....
0    INFO  [2017-08-26 11:44:52]  登录.....
0    INFO  [2017-08-26 14:17:54]  登录.....
0    INFO  [2017-08-28 09:21:25]  登录.....
5636847 INFO  [2017-08-28 10:55:22]  登录.....
8195717 INFO  [2017-08-28 11:38:01]  登录.....
15713784 INFO  [2017-08-28 13:43:19]  登录.....
16650182 INFO  [2017-08-28 13:58:55]  登录.....
17586252 INFO  [2017-08-28 14:14:31]  登录.....
1    INFO  [2017-08-28 16:08:54]  登录.....
1    INFO  [2017-08-28 16:08:54]  登录.....
1771525 INFO  [2017-08-28 16:38:26]  登录.....
0    INFO  [2017-08-29 09:15:41]  登录.....
5    INFO  [2017-08-29 09:15:41]  登录.....
4130893 INFO  [2017-08-29 10:24:32]  登录.....
4133610 INFO  [2017-08-29 10:24:35]  登录.....
29036003 INFO  [2017-08-29 17:19:37]  登录.....
0    INFO  [2017-08-30 09:49:41]  登录.....
0    INFO  [2017-08-30 13:41:08]  登录.....
50705 INFO  [2017-08-30 13:41:59]  登录.....
87670 INFO  [2017-08-30 13:42:36]  登录.....
0    INFO  [2017-08-30 14:24:17]  登录.....
205296 INFO  [2017-08-30 14:27:42]  登录.....
358332 INFO  [2017-08-30 14:30:15]  登录.....
0    INFO  [2017-08-30 14:35:15]  登录.....
994509 INFO  [2017-08-30 14:51:50]  登录.....
1810023 INFO  [2017-08-30 15:05:25]  登录.....
3583599 INFO  [2017-08-30 15:34:59]  登录.....
0    INFO  [2017-08-30 20:33:41]  登录.....
0    INFO  [2017-08-31 00:27:59]  登录.....
0    INFO  [2017-08-31 14:23:45]  登录.....
1    INFO  [2017-08-31 15:21:14]  登录.....
1    INFO  [2017-08-31 15:39:45]  登录.....
0    INFO  [2017-09-01 10:46:39]  登录.....
